                                                
+------------+------------+--------------+----------+-----+----------+-------------------------+
| student_id | first_name |  last_name   | major_id | gpa | major_id |          major          |
+------------+------------+--------------+----------+-----+----------+-------------------------+
|          8 | Kimberly   | Whitley      |       37 | 3.8 |       36 | Database Administration |
|         11 | Casares    | Hijo         |       41 | 4.0 |       36 | Database Administration |
|         13 | Sterling   | Boss         |       41 | 3.9 |       36 | Database Administration |
|         15 | Kaija      | Uronen       |       41 | 3.7 |       36 | Database Administration |
|         16 | Faye       | Conn         |       41 | 2.1 |       36 | Database Administration |
|         17 | Efren      | Reilly       |       37 | 3.9 |       36 | Database Administration |
|         20 | Larry      | Saunders     |       38 | 2.2 |       36 | Database Administration |
|         21 | Karl       | Kuhar        |       37 |     |       36 | Database Administration |
|         22 | Lieke      | Hazenveld    |       41 | 3.5 |       36 | Database Administration |
|         23 | Obie       | Hilpert      |       37 |     |       36 | Database Administration |
|         26 | Gerald     | Osiki        |       38 | 2.2 |       36 | Database Administration |
|         27 | Vanya      | Hassanah     |       41 | 4.0 |       36 | Database Administration |
|         29 | Helene     | Parker       |       38 | 3.4 |       36 | Database Administration |
|         30 | Mariana    | Russel       |       37 | 1.8 |       36 | Database Administration |
|         33 | Dejon      | Howell       |       37 | 4.0 |       36 | Database Administration |
|         34 | Aliya      | Gulgowski    |       42 | 2.6 |       36 | Database Administration |
|         35 | Ana        | Tupajic      |       38 | 3.1 |       36 | Database Administration |
|          6 | Rhea       | Kellems      |       36 | 2.5 |       37 | Web Development         |
|          9 | Jimmy      | Felipe       |       36 | 3.7 |       37 | Web Development         |
|         11 | Casares    | Hijo         |       41 | 4.0 |       37 | Web Development         |
|         13 | Sterling   | Boss         |       41 | 3.9 |       37 | Web Development         |
|         15 | Kaija      | Uronen       |       41 | 3.7 |       37 | Web Development         |
|         16 | Faye       | Conn         |       41 | 2.1 |       37 | Web Development         |
|         19 | Maxine     | Hagenes      |       36 | 2.9 |       37 | Web Development         |
|         20 | Larry      | Saunders     |       38 | 2.2 |       37 | Web Development         |
|         22 | Lieke      | Hazenveld    |       41 | 3.5 |       37 | Web Development         |
|         25 | Nathan     | Turner       |       36 | 3.3 |       37 | Web Development         |
|         26 | Gerald     | Osiki        |       38 | 2.2 |       37 | Web Development         |
|         27 | Vanya      | Hassanah     |       41 | 4.0 |       37 | Web Development         |
|         28 | Roxelana   | Florescu     |       36 | 3.2 |       37 | Web Development         |
|         29 | Helene     | Parker       |       38 | 3.4 |       37 | Web Development         |
|         32 | Mehdi      | Vandenberghe |       36 | 1.9 |       37 | Web Development         |
|         34 | Aliya      | Gulgowski    |       42 | 2.6 |       37 | Web Development         |
|         35 | Ana        | Tupajic      |       38 | 3.1 |       37 | Web Development         |
|          6 | Rhea       | Kellems      |       36 | 2.5 |       38 | Data Science            |
|          8 | Kimberly   | Whitley      |       37 | 3.8 |       38 | Data Science            |
|          9 | Jimmy      | Felipe       |       36 | 3.7 |       38 | Data Science            |
|         11 | Casares    | Hijo         |       41 | 4.0 |       38 | Data Science            |
|         13 | Sterling   | Boss         |       41 | 3.9 |       38 | Data Science            |
|         15 | Kaija      | Uronen       |       41 | 3.7 |       38 | Data Science            |
|         16 | Faye       | Conn         |       41 | 2.1 |       38 | Data Science            |
|         17 | Efren      | Reilly       |       37 | 3.9 |       38 | Data Science            |
|         19 | Maxine     | Hagenes      |       36 | 2.9 |       38 | Data Science            |
|         21 | Karl       | Kuhar        |       37 |     |       38 | Data Science            |
|         22 | Lieke      | Hazenveld    |       41 | 3.5 |       38 | Data Science            |
|         23 | Obie       | Hilpert      |       37 |     |       38 | Data Science            |
|         25 | Nathan     | Turner       |       36 | 3.3 |       38 | Data Science            |
|         27 | Vanya      | Hassanah     |       41 | 4.0 |       38 | Data Science            |
|         28 | Roxelana   | Florescu     |       36 | 3.2 |       38 | Data Science            |
|         30 | Mariana    | Russel       |       37 | 1.8 |       38 | Data Science            |
|         32 | Mehdi      | Vandenberghe |       36 | 1.9 |       38 | Data Science            |
|         33 | Dejon      | Howell       |       37 | 4.0 |       38 | Data Science            |
|         34 | Aliya      | Gulgowski    |       42 | 2.6 |       38 | Data Science            |
|          6 | Rhea       | Kellems      |       36 | 2.5 |       39 | Network Engineering     |
|          8 | Kimberly   | Whitley      |       37 | 3.8 |       39 | Network Engineering     |
|          9 | Jimmy      | Felipe       |       36 | 3.7 |       39 | Network Engineering     |
|         11 | Casares    | Hijo         |       41 | 4.0 |       39 | Network Engineering     |
|         13 | Sterling   | Boss         |       41 | 3.9 |       39 | Network Engineering     |
|         15 | Kaija      | Uronen       |       41 | 3.7 |       39 | Network Engineering     |
|         16 | Faye       | Conn         |       41 | 2.1 |       39 | Network Engineering     |
|         17 | Efren      | Reilly       |       37 | 3.9 |       39 | Network Engineering     |
|         19 | Maxine     | Hagenes      |       36 | 2.9 |       39 | Network Engineering     |
|         20 | Larry      | Saunders     |       38 | 2.2 |       39 | Network Engineering     |
|         21 | Karl       | Kuhar        |       37 |     |       39 | Network Engineering     |
|         22 | Lieke      | Hazenveld    |       41 | 3.5 |       39 | Network Engineering     |
|         23 | Obie       | Hilpert      |       37 |     |       39 | Network Engineering     |
|         25 | Nathan     | Turner       |       36 | 3.3 |       39 | Network Engineering     |
|         26 | Gerald     | Osiki        |       38 | 2.2 |       39 | Network Engineering     |
|         27 | Vanya      | Hassanah     |       41 | 4.0 |       39 | Network Engineering     |
|         28 | Roxelana   | Florescu     |       36 | 3.2 |       39 | Network Engineering     |
|         29 | Helene     | Parker       |       38 | 3.4 |       39 | Network Engineering     |
|         30 | Mariana    | Russel       |       37 | 1.8 |       39 | Network Engineering     |
|         32 | Mehdi      | Vandenberghe |       36 | 1.9 |       39 | Network Engineering     |
|         33 | Dejon      | Howell       |       37 | 4.0 |       39 | Network Engineering     |
|         34 | Aliya      | Gulgowski    |       42 | 2.6 |       39 | Network Engineering     |
|         35 | Ana        | Tupajic      |       38 | 3.1 |       39 | Network Engineering     |
|          6 | Rhea       | Kellems      |       36 | 2.5 |       40 | Computer Programming    |
|          8 | Kimberly   | Whitley      |       37 | 3.8 |       40 | Computer Programming    |
|          9 | Jimmy      | Felipe       |       36 | 3.7 |       40 | Computer Programming    |
|         11 | Casares    | Hijo         |       41 | 4.0 |       40 | Computer Programming    |
|         13 | Sterling   | Boss         |       41 | 3.9 |       40 | Computer Programming    |
|         15 | Kaija      | Uronen       |       41 | 3.7 |       40 | Computer Programming    |
|         16 | Faye       | Conn         |       41 | 2.1 |       40 | Computer Programming    |
|         17 | Efren      | Reilly       |       37 | 3.9 |       40 | Computer Programming    |
|         19 | Maxine     | Hagenes      |       36 | 2.9 |       40 | Computer Programming    |
|         20 | Larry      | Saunders     |       38 | 2.2 |       40 | Computer Programming    |
|         21 | Karl       | Kuhar        |       37 |     |       40 | Computer Programming    |
|         22 | Lieke      | Hazenveld    |       41 | 3.5 |       40 | Computer Programming    |
|         23 | Obie       | Hilpert      |       37 |     |       40 | Computer Programming    |
|         25 | Nathan     | Turner       |       36 | 3.3 |       40 | Computer Programming    |
|         26 | Gerald     | Osiki        |       38 | 2.2 |       40 | Computer Programming    |
|         27 | Vanya      | Hassanah     |       41 | 4.0 |       40 | Computer Programming    |
|         28 | Roxelana   | Florescu     |       36 | 3.2 |       40 | Computer Programming    |
|         29 | Helene     | Parker       |       38 | 3.4 |       40 | Computer Programming    |
|         30 | Mariana    | Russel       |       37 | 1.8 |       40 | Computer Programming    |
|         32 | Mehdi      | Vandenberghe |       36 | 1.9 |       40 | Computer Programming    |
|         33 | Dejon      | Howell       |       37 | 4.0 |       40 | Computer Programming    |
|         34 | Aliya      | Gulgowski    |       42 | 2.6 |       40 | Computer Programming    |
|         35 | Ana        | Tupajic      |       38 | 3.1 |       40 | Computer Programming    |
|          6 | Rhea       | Kellems      |       36 | 2.5 |       41 | Game Design             |
|          8 | Kimberly   | Whitley      |       37 | 3.8 |       41 | Game Design             |
|          9 | Jimmy      | Felipe       |       36 | 3.7 |       41 | Game Design             |
|         17 | Efren      | Reilly       |       37 | 3.9 |       41 | Game Design             |
|         19 | Maxine     | Hagenes      |       36 | 2.9 |       41 | Game Design             |
|         20 | Larry      | Saunders     |       38 | 2.2 |       41 | Game Design             |
|         21 | Karl       | Kuhar        |       37 |     |       41 | Game Design             |
|         23 | Obie       | Hilpert      |       37 |     |       41 | Game Design             |
|         25 | Nathan     | Turner       |       36 | 3.3 |       41 | Game Design             |
|         26 | Gerald     | Osiki        |       38 | 2.2 |       41 | Game Design             |
|         28 | Roxelana   | Florescu     |       36 | 3.2 |       41 | Game Design             |
|         29 | Helene     | Parker       |       38 | 3.4 |       41 | Game Design             |
|         30 | Mariana    | Russel       |       37 | 1.8 |       41 | Game Design             |
|         32 | Mehdi      | Vandenberghe |       36 | 1.9 |       41 | Game Design             |
|         33 | Dejon      | Howell       |       37 | 4.0 |       41 | Game Design             |
|         34 | Aliya      | Gulgowski    |       42 | 2.6 |       41 | Game Design             |
|         35 | Ana        | Tupajic      |       38 | 3.1 |       41 | Game Design             |
|          6 | Rhea       | Kellems      |       36 | 2.5 |       42 | System Administration   |
|          8 | Kimberly   | Whitley      |       37 | 3.8 |       42 | System Administration   |
|          9 | Jimmy      | Felipe       |       36 | 3.7 |       42 | System Administration   |
|         11 | Casares    | Hijo         |       41 | 4.0 |       42 | System Administration   |
|         13 | Sterling   | Boss         |       41 | 3.9 |       42 | System Administration   |
|         15 | Kaija      | Uronen       |       41 | 3.7 |       42 | System Administration   |
|         16 | Faye       | Conn         |       41 | 2.1 |       42 | System Administration   |
|         17 | Efren      | Reilly       |       37 | 3.9 |       42 | System Administration   |
|         19 | Maxine     | Hagenes      |       36 | 2.9 |       42 | System Administration   |
|         20 | Larry      | Saunders     |       38 | 2.2 |       42 | System Administration   |
|         21 | Karl       | Kuhar        |       37 |     |       42 | System Administration   |
|         22 | Lieke      | Hazenveld    |       41 | 3.5 |       42 | System Administration   |
|         23 | Obie       | Hilpert      |       37 |     |       42 | System Administration   |
|         25 | Nathan     | Turner       |       36 | 3.3 |       42 | System Administration   |
|         26 | Gerald     | Osiki        |       38 | 2.2 |       42 | System Administration   |
|         27 | Vanya      | Hassanah     |       41 | 4.0 |       42 | System Administration   |
|         28 | Roxelana   | Florescu     |       36 | 3.2 |       42 | System Administration   |
|         29 | Helene     | Parker       |       38 | 3.4 |       42 | System Administration   |
|         30 | Mariana    | Russel       |       37 | 1.8 |       42 | System Administration   |
|         32 | Mehdi      | Vandenberghe |       36 | 1.9 |       42 | System Administration   |
|         33 | Dejon      | Howell       |       37 | 4.0 |       42 | System Administration   |
|         35 | Ana        | Tupajic      |       38 | 3.1 |       42 | System Administration   |
+------------+------------+--------------+----------+-----+----------+-------------------------+
(138 rows)

                                                
+------------+------------+--------------+----------+-----+----------+-------------------------+
| student_id | first_name |  last_name   | major_id | gpa | major_id |          major          |
+------------+------------+--------------+----------+-----+----------+-------------------------+
|          6 | Rhea       | Kellems      |       36 | 2.5 |       36 | Database Administration |
|          8 | Kimberly   | Whitley      |       37 | 3.8 |       37 | Web Development         |
|          9 | Jimmy      | Felipe       |       36 | 3.7 |       36 | Database Administration |
|         11 | Casares    | Hijo         |       41 | 4.0 |       41 | Game Design             |
|         13 | Sterling   | Boss         |       41 | 3.9 |       41 | Game Design             |
|         15 | Kaija      | Uronen       |       41 | 3.7 |       41 | Game Design             |
|         16 | Faye       | Conn         |       41 | 2.1 |       41 | Game Design             |
|         17 | Efren      | Reilly       |       37 | 3.9 |       37 | Web Development         |
|         19 | Maxine     | Hagenes      |       36 | 2.9 |       36 | Database Administration |
|         20 | Larry      | Saunders     |       38 | 2.2 |       38 | Data Science            |
|         21 | Karl       | Kuhar        |       37 |     |       37 | Web Development         |
|         22 | Lieke      | Hazenveld    |       41 | 3.5 |       41 | Game Design             |
|         23 | Obie       | Hilpert      |       37 |     |       37 | Web Development         |
|         25 | Nathan     | Turner       |       36 | 3.3 |       36 | Database Administration |
|         26 | Gerald     | Osiki        |       38 | 2.2 |       38 | Data Science            |
|         27 | Vanya      | Hassanah     |       41 | 4.0 |       41 | Game Design             |
|         28 | Roxelana   | Florescu     |       36 | 3.2 |       36 | Database Administration |
|         29 | Helene     | Parker       |       38 | 3.4 |       38 | Data Science            |
|         30 | Mariana    | Russel       |       37 | 1.8 |       37 | Web Development         |
|         32 | Mehdi      | Vandenberghe |       36 | 1.9 |       36 | Database Administration |
|         33 | Dejon      | Howell       |       37 | 4.0 |       37 | Web Development         |
|         34 | Aliya      | Gulgowski    |       42 | 2.6 |       42 | System Administration   |
|         35 | Ana        | Tupajic      |       38 | 3.1 |       38 | Data Science            |
|            |            |              |          |     |       39 | Network Engineering     |
|            |            |              |          |     |       40 | Computer Programming    |
+------------+------------+--------------+----------+-----+----------+-------------------------+
(25 rows)

                                                
+------------+------------+--------------+----------+-----+----------+-------------------------+
| student_id | first_name |  last_name   | major_id | gpa | major_id |          major          |
+------------+------------+--------------+----------+-----+----------+-------------------------+
|          6 | Rhea       | Kellems      |       36 | 2.5 |       36 | Database Administration |
|          8 | Kimberly   | Whitley      |       37 | 3.8 |       37 | Web Development         |
|          9 | Jimmy      | Felipe       |       36 | 3.7 |       36 | Database Administration |
|         11 | Casares    | Hijo         |       41 | 4.0 |       41 | Game Design             |
|         13 | Sterling   | Boss         |       41 | 3.9 |       41 | Game Design             |
|         15 | Kaija      | Uronen       |       41 | 3.7 |       41 | Game Design             |
|         16 | Faye       | Conn         |       41 | 2.1 |       41 | Game Design             |
|         17 | Efren      | Reilly       |       37 | 3.9 |       37 | Web Development         |
|         19 | Maxine     | Hagenes      |       36 | 2.9 |       36 | Database Administration |
|         20 | Larry      | Saunders     |       38 | 2.2 |       38 | Data Science            |
|         21 | Karl       | Kuhar        |       37 |     |       37 | Web Development         |
|         22 | Lieke      | Hazenveld    |       41 | 3.5 |       41 | Game Design             |
|         23 | Obie       | Hilpert      |       37 |     |       37 | Web Development         |
|         25 | Nathan     | Turner       |       36 | 3.3 |       36 | Database Administration |
|         26 | Gerald     | Osiki        |       38 | 2.2 |       38 | Data Science            |
|         27 | Vanya      | Hassanah     |       41 | 4.0 |       41 | Game Design             |
|         28 | Roxelana   | Florescu     |       36 | 3.2 |       36 | Database Administration |
|         29 | Helene     | Parker       |       38 | 3.4 |       38 | Data Science            |
|         30 | Mariana    | Russel       |       37 | 1.8 |       37 | Web Development         |
|         32 | Mehdi      | Vandenberghe |       36 | 1.9 |       36 | Database Administration |
|         33 | Dejon      | Howell       |       37 | 4.0 |       37 | Web Development         |
|         34 | Aliya      | Gulgowski    |       42 | 2.6 |       42 | System Administration   |
|         35 | Ana        | Tupajic      |       38 | 3.1 |       38 | Data Science            |
|            |            |              |          |     |       39 | Network Engineering     |
|            |            |              |          |     |       40 | Computer Programming    |
+------------+------------+--------------+----------+-----+----------+-------------------------+
(25 rows)

                                             
+------------+------------+-----------+----------+-----+----------+----------------------+
| student_id | first_name | last_name | major_id | gpa | major_id |        major         |
+------------+------------+-----------+----------+-----+----------+----------------------+
|            |            |           |          |     |       39 | Network Engineering  |
|            |            |           |          |     |       40 | Computer Programming |
+------------+------------+-----------+----------+-----+----------+----------------------+
(2 rows)

                                             
+------------+------------+-----------+----------+-----+----------+----------------------+
| student_id | first_name | last_name | major_id | gpa | major_id |        major         |
+------------+------------+-----------+----------+-----+----------+----------------------+
|            |            |           |          |     |       39 | Network Engineering  |
|            |            |           |          |     |       40 | Computer Programming |
+------------+------------+-----------+----------+-----+----------+----------------------+
(2 rows)

            
+----------------------+
|        major         |
+----------------------+
| Network Engineering  |
| Computer Programming |
+----------------------+
(2 rows)

                               
+------------+--------------+-------------------------+-----+
| first_name |  last_name   |          major          | gpa |
+------------+--------------+-------------------------+-----+
| Rhea       | Kellems      | Database Administration | 2.5 |
| Kimberly   | Whitley      | Web Development         | 3.8 |
| Jimmy      | Felipe       | Database Administration | 3.7 |
| Casares    | Hijo         | Game Design             | 4.0 |
| Sterling   | Boss         | Game Design             | 3.9 |
| Kaija      | Uronen       | Game Design             | 3.7 |
| Faye       | Conn         | Game Design             | 2.1 |
| Efren      | Reilly       | Web Development         | 3.9 |
| Maxine     | Hagenes      | Database Administration | 2.9 |
| Larry      | Saunders     | Data Science            | 2.2 |
| Karl       | Kuhar        | Web Development         |     |
| Lieke      | Hazenveld    | Game Design             | 3.5 |
| Obie       | Hilpert      | Web Development         |     |
| Nathan     | Turner       | Database Administration | 3.3 |
| Gerald     | Osiki        | Data Science            | 2.2 |
| Vanya      | Hassanah     | Game Design             | 4.0 |
| Roxelana   | Florescu     | Database Administration | 3.2 |
| Helene     | Parker       | Data Science            | 3.4 |
| Mariana    | Russel       | Web Development         | 1.8 |
| Mehdi      | Vandenberghe | Database Administration | 1.9 |
| Dejon      | Howell       | Web Development         | 4.0 |
| Aliya      | Gulgowski    | System Administration   | 2.6 |
| Ana        | Tupajic      | Data Science            | 3.1 |
+------------+--------------+-------------------------+-----+
(23 rows)

                               
+------------+--------------+-------------------------+-----+
| first_name |  last_name   |          major          | gpa |
+------------+--------------+-------------------------+-----+
| Rhea       | Kellems      | Database Administration | 2.5 |
| Emma       | Gilbert      |                         |     |
| Kimberly   | Whitley      | Web Development         | 3.8 |
| Jimmy      | Felipe       | Database Administration | 3.7 |
| Kyle       | Stimson      |                         | 2.8 |
| Casares    | Hijo         | Game Design             | 4.0 |
| Noe        | Savage       |                         | 3.6 |
| Sterling   | Boss         | Game Design             | 3.9 |
| Brian      | Davis        |                         | 2.3 |
| Kaija      | Uronen       | Game Design             | 3.7 |
| Faye       | Conn         | Game Design             | 2.1 |
| Efren      | Reilly       | Web Development         | 3.9 |
| Danh       | Nhung        |                         | 2.4 |
| Maxine     | Hagenes      | Database Administration | 2.9 |
| Larry      | Saunders     | Data Science            | 2.2 |
| Karl       | Kuhar        | Web Development         |     |
| Lieke      | Hazenveld    | Game Design             | 3.5 |
| Obie       | Hilpert      | Web Development         |     |
| Peter      | Booysen      |                         | 2.9 |
| Nathan     | Turner       | Database Administration | 3.3 |
| Gerald     | Osiki        | Data Science            | 2.2 |
| Vanya      | Hassanah     | Game Design             | 4.0 |
| Roxelana   | Florescu     | Database Administration | 3.2 |
| Helene     | Parker       | Data Science            | 3.4 |
| Mariana    | Russel       | Web Development         | 1.8 |
| Ajit       | Dhungel      |                         | 3.0 |
| Mehdi      | Vandenberghe | Database Administration | 1.9 |
| Dejon      | Howell       | Web Development         | 4.0 |
| Aliya      | Gulgowski    | System Administration   | 2.6 |
| Ana        | Tupajic      | Data Science            | 3.1 |
| Hugo       | Duran        |                         | 3.8 |
+------------+--------------+-------------------------+-----+
(31 rows)

                               
+------------+--------------+-------------------------+-----+
| first_name |  last_name   |          major          | gpa |
+------------+--------------+-------------------------+-----+
| Rhea       | Kellems      | Database Administration | 2.5 |
| Kimberly   | Whitley      | Web Development         | 3.8 |
| Jimmy      | Felipe       | Database Administration | 3.7 |
| Casares    | Hijo         | Game Design             | 4.0 |
| Sterling   | Boss         | Game Design             | 3.9 |
| Kaija      | Uronen       | Game Design             | 3.7 |
| Faye       | Conn         | Game Design             | 2.1 |
| Efren      | Reilly       | Web Development         | 3.9 |
| Maxine     | Hagenes      | Database Administration | 2.9 |
| Larry      | Saunders     | Data Science            | 2.2 |
| Karl       | Kuhar        | Web Development         |     |
| Lieke      | Hazenveld    | Game Design             | 3.5 |
| Obie       | Hilpert      | Web Development         |     |
| Nathan     | Turner       | Database Administration | 3.3 |
| Gerald     | Osiki        | Data Science            | 2.2 |
| Vanya      | Hassanah     | Game Design             | 4.0 |
| Roxelana   | Florescu     | Database Administration | 3.2 |
| Helene     | Parker       | Data Science            | 3.4 |
| Mariana    | Russel       | Web Development         | 1.8 |
| Mehdi      | Vandenberghe | Database Administration | 1.9 |
| Dejon      | Howell       | Web Development         | 4.0 |
| Aliya      | Gulgowski    | System Administration   | 2.6 |
| Ana        | Tupajic      | Data Science            | 3.1 |
|            |              | Network Engineering     |     |
|            |              | Computer Programming    |     |
+------------+--------------+-------------------------+-----+
(25 rows)

                               
+------------+--------------+-------------------------+-----+
| first_name |  last_name   |          major          | gpa |
+------------+--------------+-------------------------+-----+
| Rhea       | Kellems      | Database Administration | 2.5 |
| Emma       | Gilbert      |                         |     |
| Kimberly   | Whitley      | Web Development         | 3.8 |
| Jimmy      | Felipe       | Database Administration | 3.7 |
| Kyle       | Stimson      |                         | 2.8 |
| Casares    | Hijo         | Game Design             | 4.0 |
| Noe        | Savage       |                         | 3.6 |
| Sterling   | Boss         | Game Design             | 3.9 |
| Brian      | Davis        |                         | 2.3 |
| Kaija      | Uronen       | Game Design             | 3.7 |
| Faye       | Conn         | Game Design             | 2.1 |
| Efren      | Reilly       | Web Development         | 3.9 |
| Danh       | Nhung        |                         | 2.4 |
| Maxine     | Hagenes      | Database Administration | 2.9 |
| Larry      | Saunders     | Data Science            | 2.2 |
| Karl       | Kuhar        | Web Development         |     |
| Lieke      | Hazenveld    | Game Design             | 3.5 |
| Obie       | Hilpert      | Web Development         |     |
| Peter      | Booysen      |                         | 2.9 |
| Nathan     | Turner       | Database Administration | 3.3 |
| Gerald     | Osiki        | Data Science            | 2.2 |
| Vanya      | Hassanah     | Game Design             | 4.0 |
| Roxelana   | Florescu     | Database Administration | 3.2 |
| Helene     | Parker       | Data Science            | 3.4 |
| Mariana    | Russel       | Web Development         | 1.8 |
| Ajit       | Dhungel      |                         | 3.0 |
| Mehdi      | Vandenberghe | Database Administration | 1.9 |
| Dejon      | Howell       | Web Development         | 4.0 |
| Aliya      | Gulgowski    | System Administration   | 2.6 |
| Ana        | Tupajic      | Data Science            | 3.1 |
| Hugo       | Duran        |                         | 3.8 |
+------------+--------------+-------------------------+-----+
(31 rows)

                                                
+------------+------------+--------------+----------+-----+----------+-------------------------+
| student_id | first_name |  last_name   | major_id | gpa | major_id |          major          |
+------------+------------+--------------+----------+-----+----------+-------------------------+
|          6 | Rhea       | Kellems      |       36 | 2.5 |       36 | Database Administration |
|          7 | Emma       | Gilbert      |          |     |          |                         |
|          8 | Kimberly   | Whitley      |       37 | 3.8 |       37 | Web Development         |
|          9 | Jimmy      | Felipe       |       36 | 3.7 |       36 | Database Administration |
|         10 | Kyle       | Stimson      |          | 2.8 |          |                         |
|         11 | Casares    | Hijo         |       41 | 4.0 |       41 | Game Design             |
|         12 | Noe        | Savage       |          | 3.6 |          |                         |
|         13 | Sterling   | Boss         |       41 | 3.9 |       41 | Game Design             |
|         14 | Brian      | Davis        |          | 2.3 |          |                         |
|         15 | Kaija      | Uronen       |       41 | 3.7 |       41 | Game Design             |
|         16 | Faye       | Conn         |       41 | 2.1 |       41 | Game Design             |
|         17 | Efren      | Reilly       |       37 | 3.9 |       37 | Web Development         |
|         18 | Danh       | Nhung        |          | 2.4 |          |                         |
|         19 | Maxine     | Hagenes      |       36 | 2.9 |       36 | Database Administration |
|         20 | Larry      | Saunders     |       38 | 2.2 |       38 | Data Science            |
|         21 | Karl       | Kuhar        |       37 |     |       37 | Web Development         |
|         22 | Lieke      | Hazenveld    |       41 | 3.5 |       41 | Game Design             |
|         23 | Obie       | Hilpert      |       37 |     |       37 | Web Development         |
|         24 | Peter      | Booysen      |          | 2.9 |          |                         |
|         25 | Nathan     | Turner       |       36 | 3.3 |       36 | Database Administration |
|         26 | Gerald     | Osiki        |       38 | 2.2 |       38 | Data Science            |
|         27 | Vanya      | Hassanah     |       41 | 4.0 |       41 | Game Design             |
|         28 | Roxelana   | Florescu     |       36 | 3.2 |       36 | Database Administration |
|         29 | Helene     | Parker       |       38 | 3.4 |       38 | Data Science            |
|         30 | Mariana    | Russel       |       37 | 1.8 |       37 | Web Development         |
|         31 | Ajit       | Dhungel      |          | 3.0 |          |                         |
|         32 | Mehdi      | Vandenberghe |       36 | 1.9 |       36 | Database Administration |
|         33 | Dejon      | Howell       |       37 | 4.0 |       37 | Web Development         |
|         34 | Aliya      | Gulgowski    |       42 | 2.6 |       42 | System Administration   |
|         35 | Ana        | Tupajic      |       38 | 3.1 |       38 | Data Science            |
|         36 | Hugo       | Duran        |          | 3.8 |          |                         |
+------------+------------+--------------+----------+-----+----------+-------------------------+
(31 rows)

                                           
+------------+------------+-----------+----------+-----+----------+-----------------+
| student_id | first_name | last_name | major_id | gpa | major_id |      major      |
+------------+------------+-----------+----------+-----+----------+-----------------+
|          8 | Kimberly   | Whitley   |       37 | 3.8 |       37 | Web Development |
|         11 | Casares    | Hijo      |       41 | 4.0 |       41 | Game Design     |
|         13 | Sterling   | Boss      |       41 | 3.9 |       41 | Game Design     |
|         17 | Efren      | Reilly    |       37 | 3.9 |       37 | Web Development |
|         20 | Larry      | Saunders  |       38 | 2.2 |       38 | Data Science    |
|         26 | Gerald     | Osiki     |       38 | 2.2 |       38 | Data Science    |
|         27 | Vanya      | Hassanah  |       41 | 4.0 |       41 | Game Design     |
|         29 | Helene     | Parker    |       38 | 3.4 |       38 | Data Science    |
|         33 | Dejon      | Howell    |       37 | 4.0 |       37 | Web Development |
|         35 | Ana        | Tupajic   |       38 | 3.1 |       38 | Data Science    |
|         36 | Hugo       | Duran     |          | 3.8 |          |                 |
+------------+------------+-----------+----------+-----+----------+-----------------+
(11 rows)

                         
+------------+-----------+-----------------+-----+
| first_name | last_name |      major      | gpa |
+------------+-----------+-----------------+-----+
| Kimberly   | Whitley   | Web Development | 3.8 |
| Casares    | Hijo      | Game Design     | 4.0 |
| Sterling   | Boss      | Game Design     | 3.9 |
| Efren      | Reilly    | Web Development | 3.9 |
| Larry      | Saunders  | Data Science    | 2.2 |
| Gerald     | Osiki     | Data Science    | 2.2 |
| Vanya      | Hassanah  | Game Design     | 4.0 |
| Helene     | Parker    | Data Science    | 3.4 |
| Dejon      | Howell    | Web Development | 4.0 |
| Ana        | Tupajic   | Data Science    | 3.1 |
| Hugo       | Duran     |                 | 3.8 |
+------------+-----------+-----------------+-----+
(11 rows)

                                                
+------------+------------+--------------+----------+-----+----------+-------------------------+
| student_id | first_name |  last_name   | major_id | gpa | major_id |          major          |
+------------+------------+--------------+----------+-----+----------+-------------------------+
|          6 | Rhea       | Kellems      |       36 | 2.5 |       36 | Database Administration |
|          7 | Emma       | Gilbert      |          |     |          |                         |
|          8 | Kimberly   | Whitley      |       37 | 3.8 |       37 | Web Development         |
|          9 | Jimmy      | Felipe       |       36 | 3.7 |       36 | Database Administration |
|         10 | Kyle       | Stimson      |          | 2.8 |          |                         |
|         11 | Casares    | Hijo         |       41 | 4.0 |       41 | Game Design             |
|         12 | Noe        | Savage       |          | 3.6 |          |                         |
|         13 | Sterling   | Boss         |       41 | 3.9 |       41 | Game Design             |
|         14 | Brian      | Davis        |          | 2.3 |          |                         |
|         15 | Kaija      | Uronen       |       41 | 3.7 |       41 | Game Design             |
|         16 | Faye       | Conn         |       41 | 2.1 |       41 | Game Design             |
|         17 | Efren      | Reilly       |       37 | 3.9 |       37 | Web Development         |
|         18 | Danh       | Nhung        |          | 2.4 |          |                         |
|         19 | Maxine     | Hagenes      |       36 | 2.9 |       36 | Database Administration |
|         20 | Larry      | Saunders     |       38 | 2.2 |       38 | Data Science            |
|         21 | Karl       | Kuhar        |       37 |     |       37 | Web Development         |
|         22 | Lieke      | Hazenveld    |       41 | 3.5 |       41 | Game Design             |
|         23 | Obie       | Hilpert      |       37 |     |       37 | Web Development         |
|         24 | Peter      | Booysen      |          | 2.9 |          |                         |
|         25 | Nathan     | Turner       |       36 | 3.3 |       36 | Database Administration |
|         26 | Gerald     | Osiki        |       38 | 2.2 |       38 | Data Science            |
|         27 | Vanya      | Hassanah     |       41 | 4.0 |       41 | Game Design             |
|         28 | Roxelana   | Florescu     |       36 | 3.2 |       36 | Database Administration |
|         29 | Helene     | Parker       |       38 | 3.4 |       38 | Data Science            |
|         30 | Mariana    | Russel       |       37 | 1.8 |       37 | Web Development         |
|         31 | Ajit       | Dhungel      |          | 3.0 |          |                         |
|         32 | Mehdi      | Vandenberghe |       36 | 1.9 |       36 | Database Administration |
|         33 | Dejon      | Howell       |       37 | 4.0 |       37 | Web Development         |
|         34 | Aliya      | Gulgowski    |       42 | 2.6 |       42 | System Administration   |
|         35 | Ana        | Tupajic      |       38 | 3.1 |       38 | Data Science            |
|         36 | Hugo       | Duran        |          | 3.8 |          |                         |
+------------+------------+--------------+----------+-----+----------+-------------------------+
(31 rows)

                                                
+------------+------------+--------------+----------+-----+----------+-------------------------+
| student_id | first_name |  last_name   | major_id | gpa | major_id |          major          |
+------------+------------+--------------+----------+-----+----------+-------------------------+
|          6 | Rhea       | Kellems      |       36 | 2.5 |       36 | Database Administration |
|          8 | Kimberly   | Whitley      |       37 | 3.8 |       37 | Web Development         |
|          9 | Jimmy      | Felipe       |       36 | 3.7 |       36 | Database Administration |
|         11 | Casares    | Hijo         |       41 | 4.0 |       41 | Game Design             |
|         13 | Sterling   | Boss         |       41 | 3.9 |       41 | Game Design             |
|         15 | Kaija      | Uronen       |       41 | 3.7 |       41 | Game Design             |
|         16 | Faye       | Conn         |       41 | 2.1 |       41 | Game Design             |
|         17 | Efren      | Reilly       |       37 | 3.9 |       37 | Web Development         |
|         19 | Maxine     | Hagenes      |       36 | 2.9 |       36 | Database Administration |
|         20 | Larry      | Saunders     |       38 | 2.2 |       38 | Data Science            |
|         21 | Karl       | Kuhar        |       37 |     |       37 | Web Development         |
|         22 | Lieke      | Hazenveld    |       41 | 3.5 |       41 | Game Design             |
|         23 | Obie       | Hilpert      |       37 |     |       37 | Web Development         |
|         25 | Nathan     | Turner       |       36 | 3.3 |       36 | Database Administration |
|         26 | Gerald     | Osiki        |       38 | 2.2 |       38 | Data Science            |
|         27 | Vanya      | Hassanah     |       41 | 4.0 |       41 | Game Design             |
|         28 | Roxelana   | Florescu     |       36 | 3.2 |       36 | Database Administration |
|         29 | Helene     | Parker       |       38 | 3.4 |       38 | Data Science            |
|         30 | Mariana    | Russel       |       37 | 1.8 |       37 | Web Development         |
|         32 | Mehdi      | Vandenberghe |       36 | 1.9 |       36 | Database Administration |
|         33 | Dejon      | Howell       |       37 | 4.0 |       37 | Web Development         |
|         34 | Aliya      | Gulgowski    |       42 | 2.6 |       42 | System Administration   |
|         35 | Ana        | Tupajic      |       38 | 3.1 |       38 | Data Science            |
+------------+------------+--------------+----------+-----+----------+-------------------------+
(23 rows)

                                                
+------------+------------+--------------+----------+-----+----------+-------------------------+
| student_id | first_name |  last_name   | major_id | gpa | major_id |          major          |
+------------+------------+--------------+----------+-----+----------+-------------------------+
|          6 | Rhea       | Kellems      |       36 | 2.5 |       36 | Database Administration |
|          7 | Emma       | Gilbert      |          |     |          |                         |
|          8 | Kimberly   | Whitley      |       37 | 3.8 |       37 | Web Development         |
|          9 | Jimmy      | Felipe       |       36 | 3.7 |       36 | Database Administration |
|         10 | Kyle       | Stimson      |          | 2.8 |          |                         |
|         11 | Casares    | Hijo         |       41 | 4.0 |       41 | Game Design             |
|         12 | Noe        | Savage       |          | 3.6 |          |                         |
|         13 | Sterling   | Boss         |       41 | 3.9 |       41 | Game Design             |
|         14 | Brian      | Davis        |          | 2.3 |          |                         |
|         15 | Kaija      | Uronen       |       41 | 3.7 |       41 | Game Design             |
|         16 | Faye       | Conn         |       41 | 2.1 |       41 | Game Design             |
|         17 | Efren      | Reilly       |       37 | 3.9 |       37 | Web Development         |
|         18 | Danh       | Nhung        |          | 2.4 |          |                         |
|         19 | Maxine     | Hagenes      |       36 | 2.9 |       36 | Database Administration |
|         20 | Larry      | Saunders     |       38 | 2.2 |       38 | Data Science            |
|         21 | Karl       | Kuhar        |       37 |     |       37 | Web Development         |
|         22 | Lieke      | Hazenveld    |       41 | 3.5 |       41 | Game Design             |
|         23 | Obie       | Hilpert      |       37 |     |       37 | Web Development         |
|         24 | Peter      | Booysen      |          | 2.9 |          |                         |
|         25 | Nathan     | Turner       |       36 | 3.3 |       36 | Database Administration |
|         26 | Gerald     | Osiki        |       38 | 2.2 |       38 | Data Science            |
|         27 | Vanya      | Hassanah     |       41 | 4.0 |       41 | Game Design             |
|         28 | Roxelana   | Florescu     |       36 | 3.2 |       36 | Database Administration |
|         29 | Helene     | Parker       |       38 | 3.4 |       38 | Data Science            |
|         30 | Mariana    | Russel       |       37 | 1.8 |       37 | Web Development         |
|         31 | Ajit       | Dhungel      |          | 3.0 |          |                         |
|         32 | Mehdi      | Vandenberghe |       36 | 1.9 |       36 | Database Administration |
|         33 | Dejon      | Howell       |       37 | 4.0 |       37 | Web Development         |
|         34 | Aliya      | Gulgowski    |       42 | 2.6 |       42 | System Administration   |
|         35 | Ana        | Tupajic      |       38 | 3.1 |       38 | Data Science            |
|         36 | Hugo       | Duran        |          | 3.8 |          |                         |
|            |            |              |          |     |       39 | Network Engineering     |
|            |            |              |          |     |       40 | Computer Programming    |
+------------+------------+--------------+----------+-----+----------+-------------------------+
(33 rows)

                                             
+------------+------------+-----------+----------+-----+----------+---------------------+
| student_id | first_name | last_name | major_id | gpa | major_id |        major        |
+------------+------------+-----------+----------+-----+----------+---------------------+
|         14 | Brian      | Davis     |          | 2.3 |          |                     |
|         30 | Mariana    | Russel    |       37 | 1.8 |       37 | Web Development     |
|            |            |           |          |     |       39 | Network Engineering |
+------------+------------+-----------+----------+-----+----------+---------------------+
(3 rows)

                  
+------------+---------------------+
| first_name |        major        |
+------------+---------------------+
| Brian      |                     |
| Mariana    | Web Development     |
|            | Network Engineering |
+------------+---------------------+
(3 rows)

                  
+------------+---------------------+
| first_name |        major        |
+------------+---------------------+
| Brian      |                     |
| Mariana    | Web Development     |
|            | Network Engineering |
+------------+---------------------+
(3 rows)

                                                
+------------+------------+--------------+----------+-----+----------+-------------------------+
| student_id | first_name |  last_name   | major_id | gpa | major_id |          major          |
+------------+------------+--------------+----------+-----+----------+-------------------------+
|          6 | Rhea       | Kellems      |       36 | 2.5 |       36 | Database Administration |
|          7 | Emma       | Gilbert      |          |     |          |                         |
|          8 | Kimberly   | Whitley      |       37 | 3.8 |       37 | Web Development         |
|          9 | Jimmy      | Felipe       |       36 | 3.7 |       36 | Database Administration |
|         10 | Kyle       | Stimson      |          | 2.8 |          |                         |
|         11 | Casares    | Hijo         |       41 | 4.0 |       41 | Game Design             |
|         12 | Noe        | Savage       |          | 3.6 |          |                         |
|         13 | Sterling   | Boss         |       41 | 3.9 |       41 | Game Design             |
|         14 | Brian      | Davis        |          | 2.3 |          |                         |
|         15 | Kaija      | Uronen       |       41 | 3.7 |       41 | Game Design             |
|         16 | Faye       | Conn         |       41 | 2.1 |       41 | Game Design             |
|         17 | Efren      | Reilly       |       37 | 3.9 |       37 | Web Development         |
|         18 | Danh       | Nhung        |          | 2.4 |          |                         |
|         19 | Maxine     | Hagenes      |       36 | 2.9 |       36 | Database Administration |
|         20 | Larry      | Saunders     |       38 | 2.2 |       38 | Data Science            |
|         21 | Karl       | Kuhar        |       37 |     |       37 | Web Development         |
|         22 | Lieke      | Hazenveld    |       41 | 3.5 |       41 | Game Design             |
|         23 | Obie       | Hilpert      |       37 |     |       37 | Web Development         |
|         24 | Peter      | Booysen      |          | 2.9 |          |                         |
|         25 | Nathan     | Turner       |       36 | 3.3 |       36 | Database Administration |
|         26 | Gerald     | Osiki        |       38 | 2.2 |       38 | Data Science            |
|         27 | Vanya      | Hassanah     |       41 | 4.0 |       41 | Game Design             |
|         28 | Roxelana   | Florescu     |       36 | 3.2 |       36 | Database Administration |
|         29 | Helene     | Parker       |       38 | 3.4 |       38 | Data Science            |
|         30 | Mariana    | Russel       |       37 | 1.8 |       37 | Web Development         |
|         31 | Ajit       | Dhungel      |          | 3.0 |          |                         |
|         32 | Mehdi      | Vandenberghe |       36 | 1.9 |       36 | Database Administration |
|         33 | Dejon      | Howell       |       37 | 4.0 |       37 | Web Development         |
|         34 | Aliya      | Gulgowski    |       42 | 2.6 |       42 | System Administration   |
|         35 | Ana        | Tupajic      |       38 | 3.1 |       38 | Data Science            |
|         36 | Hugo       | Duran        |          | 3.8 |          |                         |
|            |            |              |          |     |       39 | Network Engineering     |
|            |            |              |          |     |       40 | Computer Programming    |
+------------+------------+--------------+----------+-----+----------+-------------------------+
(33 rows)

      
+----------+
| major_id |
+----------+
|       36 |
|          |
|       37 |
|       36 |
|          |
|       41 |
|          |
|       41 |
|          |
|       41 |
|       41 |
|       37 |
|          |
|       36 |
|       38 |
|       37 |
|       41 |
|       37 |
|          |
|       36 |
|       38 |
|       41 |
|       36 |
|       38 |
|       37 |
|          |
|       36 |
|       37 |
|       42 |
|       38 |
|          |
|          |
|          |
+----------+
(33 rows)

      
+----------+
| major_id |
+----------+
|       36 |
|          |
|       37 |
|       36 |
|          |
|       41 |
|          |
|       41 |
|          |
|       41 |
|       41 |
|       37 |
|          |
|       36 |
|       38 |
|       37 |
|       41 |
|       37 |
|          |
|       36 |
|       38 |
|       41 |
|       36 |
|       38 |
|       37 |
|          |
|       36 |
|       37 |
|       42 |
|       38 |
|          |
|          |
|          |
+----------+
(33 rows)

      
+----------+
| major_id |
+----------+
|       36 |
|          |
|       37 |
|       36 |
|          |
|       41 |
|          |
|       41 |
|          |
|       41 |
|       41 |
|       37 |
|          |
|       36 |
|       38 |
|       37 |
|       41 |
|       37 |
|          |
|       36 |
|       38 |
|       41 |
|       36 |
|       38 |
|       37 |
|          |
|       36 |
|       37 |
|       42 |
|       38 |
|          |
|          |
|          |
+----------+
(33 rows)

                                           
+----------+------------+------------+--------------+-----+-------------------------+
| major_id | student_id | first_name |  last_name   | gpa |          major          |
+----------+------------+------------+--------------+-----+-------------------------+
|       36 |          6 | Rhea       | Kellems      | 2.5 | Database Administration |
|          |          7 | Emma       | Gilbert      |     |                         |
|       37 |          8 | Kimberly   | Whitley      | 3.8 | Web Development         |
|       36 |          9 | Jimmy      | Felipe       | 3.7 | Database Administration |
|          |         10 | Kyle       | Stimson      | 2.8 |                         |
|       41 |         11 | Casares    | Hijo         | 4.0 | Game Design             |
|          |         12 | Noe        | Savage       | 3.6 |                         |
|       41 |         13 | Sterling   | Boss         | 3.9 | Game Design             |
|          |         14 | Brian      | Davis        | 2.3 |                         |
|       41 |         15 | Kaija      | Uronen       | 3.7 | Game Design             |
|       41 |         16 | Faye       | Conn         | 2.1 | Game Design             |
|       37 |         17 | Efren      | Reilly       | 3.9 | Web Development         |
|          |         18 | Danh       | Nhung        | 2.4 |                         |
|       36 |         19 | Maxine     | Hagenes      | 2.9 | Database Administration |
|       38 |         20 | Larry      | Saunders     | 2.2 | Data Science            |
|       37 |         21 | Karl       | Kuhar        |     | Web Development         |
|       41 |         22 | Lieke      | Hazenveld    | 3.5 | Game Design             |
|       37 |         23 | Obie       | Hilpert      |     | Web Development         |
|          |         24 | Peter      | Booysen      | 2.9 |                         |
|       36 |         25 | Nathan     | Turner       | 3.3 | Database Administration |
|       38 |         26 | Gerald     | Osiki        | 2.2 | Data Science            |
|       41 |         27 | Vanya      | Hassanah     | 4.0 | Game Design             |
|       36 |         28 | Roxelana   | Florescu     | 3.2 | Database Administration |
|       38 |         29 | Helene     | Parker       | 3.4 | Data Science            |
|       37 |         30 | Mariana    | Russel       | 1.8 | Web Development         |
|          |         31 | Ajit       | Dhungel      | 3.0 |                         |
|       36 |         32 | Mehdi      | Vandenberghe | 1.9 | Database Administration |
|       37 |         33 | Dejon      | Howell       | 4.0 | Web Development         |
|       42 |         34 | Aliya      | Gulgowski    | 2.6 | System Administration   |
|       38 |         35 | Ana        | Tupajic      | 3.1 | Data Science            |
|          |         36 | Hugo       | Duran        | 3.8 |                         |
|       39 |            |            |              |     | Network Engineering     |
|       40 |            |            |              |     | Computer Programming    |
+----------+------------+------------+--------------+-----+-------------------------+
(33 rows)

                                           
+----------+------------+------------+--------------+-----+-------------------------+
| major_id | student_id | first_name |  last_name   | gpa |          major          |
+----------+------------+------------+--------------+-----+-------------------------+
|       36 |          6 | Rhea       | Kellems      | 2.5 | Database Administration |
|       37 |          8 | Kimberly   | Whitley      | 3.8 | Web Development         |
|       36 |          9 | Jimmy      | Felipe       | 3.7 | Database Administration |
|       41 |         11 | Casares    | Hijo         | 4.0 | Game Design             |
|       41 |         13 | Sterling   | Boss         | 3.9 | Game Design             |
|       41 |         15 | Kaija      | Uronen       | 3.7 | Game Design             |
|       41 |         16 | Faye       | Conn         | 2.1 | Game Design             |
|       37 |         17 | Efren      | Reilly       | 3.9 | Web Development         |
|       36 |         19 | Maxine     | Hagenes      | 2.9 | Database Administration |
|       38 |         20 | Larry      | Saunders     | 2.2 | Data Science            |
|       37 |         21 | Karl       | Kuhar        |     | Web Development         |
|       41 |         22 | Lieke      | Hazenveld    | 3.5 | Game Design             |
|       37 |         23 | Obie       | Hilpert      |     | Web Development         |
|       36 |         25 | Nathan     | Turner       | 3.3 | Database Administration |
|       38 |         26 | Gerald     | Osiki        | 2.2 | Data Science            |
|       41 |         27 | Vanya      | Hassanah     | 4.0 | Game Design             |
|       36 |         28 | Roxelana   | Florescu     | 3.2 | Database Administration |
|       38 |         29 | Helene     | Parker       | 3.4 | Data Science            |
|       37 |         30 | Mariana    | Russel       | 1.8 | Web Development         |
|       36 |         32 | Mehdi      | Vandenberghe | 1.9 | Database Administration |
|       37 |         33 | Dejon      | Howell       | 4.0 | Web Development         |
|       42 |         34 | Aliya      | Gulgowski    | 2.6 | System Administration   |
|       38 |         35 | Ana        | Tupajic      | 3.1 | Data Science            |
+----------+------------+------------+--------------+-----+-------------------------+
(23 rows)

                                                 
+----------+------------+------------+--------------+-----+-------------------------+-----------+
| major_id | student_id | first_name |  last_name   | gpa |          major          | course_id |
+----------+------------+------------+--------------+-----+-------------------------+-----------+
|       36 |          6 | Rhea       | Kellems      | 2.5 | Database Administration |        30 |
|       36 |          6 | Rhea       | Kellems      | 2.5 | Database Administration |        27 |
|       36 |          6 | Rhea       | Kellems      | 2.5 | Database Administration |        25 |
|       36 |          6 | Rhea       | Kellems      | 2.5 | Database Administration |        23 |
|          |          7 | Emma       | Gilbert      |     |                         |           |
|       37 |          8 | Kimberly   | Whitley      | 3.8 | Web Development         |        30 |
|       37 |          8 | Kimberly   | Whitley      | 3.8 | Web Development         |        33 |
|       37 |          8 | Kimberly   | Whitley      | 3.8 | Web Development         |        23 |
|       37 |          8 | Kimberly   | Whitley      | 3.8 | Web Development         |        24 |
|       36 |          9 | Jimmy      | Felipe       | 3.7 | Database Administration |        30 |
|       36 |          9 | Jimmy      | Felipe       | 3.7 | Database Administration |        27 |
|       36 |          9 | Jimmy      | Felipe       | 3.7 | Database Administration |        25 |
|       36 |          9 | Jimmy      | Felipe       | 3.7 | Database Administration |        23 |
|          |         10 | Kyle       | Stimson      | 2.8 |                         |           |
|       41 |         11 | Casares    | Hijo         | 4.0 | Game Design             |        36 |
|       41 |         11 | Casares    | Hijo         | 4.0 | Game Design             |        35 |
|       41 |         11 | Casares    | Hijo         | 4.0 | Game Design             |        34 |
|       41 |         11 | Casares    | Hijo         | 4.0 | Game Design             |        31 |
|          |         12 | Noe        | Savage       | 3.6 |                         |           |
|       41 |         13 | Sterling   | Boss         | 3.9 | Game Design             |        36 |
|       41 |         13 | Sterling   | Boss         | 3.9 | Game Design             |        35 |
|       41 |         13 | Sterling   | Boss         | 3.9 | Game Design             |        34 |
|       41 |         13 | Sterling   | Boss         | 3.9 | Game Design             |        31 |
|          |         14 | Brian      | Davis        | 2.3 |                         |           |
|       41 |         15 | Kaija      | Uronen       | 3.7 | Game Design             |        36 |
|       41 |         15 | Kaija      | Uronen       | 3.7 | Game Design             |        35 |
|       41 |         15 | Kaija      | Uronen       | 3.7 | Game Design             |        34 |
|       41 |         15 | Kaija      | Uronen       | 3.7 | Game Design             |        31 |
|       41 |         16 | Faye       | Conn         | 2.1 | Game Design             |        36 |
|       41 |         16 | Faye       | Conn         | 2.1 | Game Design             |        35 |
|       41 |         16 | Faye       | Conn         | 2.1 | Game Design             |        34 |
|       41 |         16 | Faye       | Conn         | 2.1 | Game Design             |        31 |
|       37 |         17 | Efren      | Reilly       | 3.9 | Web Development         |        30 |
|       37 |         17 | Efren      | Reilly       | 3.9 | Web Development         |        33 |
|       37 |         17 | Efren      | Reilly       | 3.9 | Web Development         |        23 |
|       37 |         17 | Efren      | Reilly       | 3.9 | Web Development         |        24 |
|          |         18 | Danh       | Nhung        | 2.4 |                         |           |
|       36 |         19 | Maxine     | Hagenes      | 2.9 | Database Administration |        30 |
|       36 |         19 | Maxine     | Hagenes      | 2.9 | Database Administration |        27 |
|       36 |         19 | Maxine     | Hagenes      | 2.9 | Database Administration |        25 |
|       36 |         19 | Maxine     | Hagenes      | 2.9 | Database Administration |        23 |
|       38 |         20 | Larry      | Saunders     | 2.2 | Data Science            |        34 |
|       38 |         20 | Larry      | Saunders     | 2.2 | Data Science            |        32 |
|       38 |         20 | Larry      | Saunders     | 2.2 | Data Science            |        28 |
|       38 |         20 | Larry      | Saunders     | 2.2 | Data Science            |        23 |
|       37 |         21 | Karl       | Kuhar        |     | Web Development         |        30 |
|       37 |         21 | Karl       | Kuhar        |     | Web Development         |        33 |
|       37 |         21 | Karl       | Kuhar        |     | Web Development         |        23 |
|       37 |         21 | Karl       | Kuhar        |     | Web Development         |        24 |
|       41 |         22 | Lieke      | Hazenveld    | 3.5 | Game Design             |        36 |
|       41 |         22 | Lieke      | Hazenveld    | 3.5 | Game Design             |        35 |
|       41 |         22 | Lieke      | Hazenveld    | 3.5 | Game Design             |        34 |
|       41 |         22 | Lieke      | Hazenveld    | 3.5 | Game Design             |        31 |
|       37 |         23 | Obie       | Hilpert      |     | Web Development         |        30 |
|       37 |         23 | Obie       | Hilpert      |     | Web Development         |        33 |
|       37 |         23 | Obie       | Hilpert      |     | Web Development         |        23 |
|       37 |         23 | Obie       | Hilpert      |     | Web Development         |        24 |
|          |         24 | Peter      | Booysen      | 2.9 |                         |           |
|       36 |         25 | Nathan     | Turner       | 3.3 | Database Administration |        30 |
|       36 |         25 | Nathan     | Turner       | 3.3 | Database Administration |        27 |
|       36 |         25 | Nathan     | Turner       | 3.3 | Database Administration |        25 |
|       36 |         25 | Nathan     | Turner       | 3.3 | Database Administration |        23 |
|       38 |         26 | Gerald     | Osiki        | 2.2 | Data Science            |        34 |
|       38 |         26 | Gerald     | Osiki        | 2.2 | Data Science            |        32 |
|       38 |         26 | Gerald     | Osiki        | 2.2 | Data Science            |        28 |
|       38 |         26 | Gerald     | Osiki        | 2.2 | Data Science            |        23 |
|       41 |         27 | Vanya      | Hassanah     | 4.0 | Game Design             |        36 |
|       41 |         27 | Vanya      | Hassanah     | 4.0 | Game Design             |        35 |
|       41 |         27 | Vanya      | Hassanah     | 4.0 | Game Design             |        34 |
|       41 |         27 | Vanya      | Hassanah     | 4.0 | Game Design             |        31 |
|       36 |         28 | Roxelana   | Florescu     | 3.2 | Database Administration |        30 |
|       36 |         28 | Roxelana   | Florescu     | 3.2 | Database Administration |        27 |
|       36 |         28 | Roxelana   | Florescu     | 3.2 | Database Administration |        25 |
|       36 |         28 | Roxelana   | Florescu     | 3.2 | Database Administration |        23 |
|       38 |         29 | Helene     | Parker       | 3.4 | Data Science            |        34 |
|       38 |         29 | Helene     | Parker       | 3.4 | Data Science            |        32 |
|       38 |         29 | Helene     | Parker       | 3.4 | Data Science            |        28 |
|       38 |         29 | Helene     | Parker       | 3.4 | Data Science            |        23 |
|       37 |         30 | Mariana    | Russel       | 1.8 | Web Development         |        30 |
|       37 |         30 | Mariana    | Russel       | 1.8 | Web Development         |        33 |
|       37 |         30 | Mariana    | Russel       | 1.8 | Web Development         |        23 |
|       37 |         30 | Mariana    | Russel       | 1.8 | Web Development         |        24 |
|          |         31 | Ajit       | Dhungel      | 3.0 |                         |           |
|       36 |         32 | Mehdi      | Vandenberghe | 1.9 | Database Administration |        30 |
|       36 |         32 | Mehdi      | Vandenberghe | 1.9 | Database Administration |        27 |
|       36 |         32 | Mehdi      | Vandenberghe | 1.9 | Database Administration |        25 |
|       36 |         32 | Mehdi      | Vandenberghe | 1.9 | Database Administration |        23 |
|       37 |         33 | Dejon      | Howell       | 4.0 | Web Development         |        30 |
|       37 |         33 | Dejon      | Howell       | 4.0 | Web Development         |        33 |
|       37 |         33 | Dejon      | Howell       | 4.0 | Web Development         |        23 |
|       37 |         33 | Dejon      | Howell       | 4.0 | Web Development         |        24 |
|       42 |         34 | Aliya      | Gulgowski    | 2.6 | System Administration   |        38 |
|       42 |         34 | Aliya      | Gulgowski    | 2.6 | System Administration   |        37 |
|       42 |         34 | Aliya      | Gulgowski    | 2.6 | System Administration   |        26 |
|       42 |         34 | Aliya      | Gulgowski    | 2.6 | System Administration   |        29 |
|       38 |         35 | Ana        | Tupajic      | 3.1 | Data Science            |        34 |
|       38 |         35 | Ana        | Tupajic      | 3.1 | Data Science            |        32 |
|       38 |         35 | Ana        | Tupajic      | 3.1 | Data Science            |        28 |
|       38 |         35 | Ana        | Tupajic      | 3.1 | Data Science            |        23 |
|          |         36 | Hugo       | Duran        | 3.8 |                         |           |
|       39 |            |            |              |     | Network Engineering     |        36 |
|       39 |            |            |              |     | Network Engineering     |        39 |
|       39 |            |            |              |     | Network Engineering     |        29 |
|       39 |            |            |              |     | Network Engineering     |        26 |
|       40 |            |            |              |     | Computer Programming    |        32 |
|       40 |            |            |              |     | Computer Programming    |        29 |
|       40 |            |            |              |     | Computer Programming    |        33 |
|       40 |            |            |              |     | Computer Programming    |        26 |
+----------+------------+------------+--------------+-----+-------------------------+-----------+
(108 rows)

                                                                 
+-----------+----------+------------+------------+--------------+-----+-------------------------+--------------------------------+
| course_id | major_id | student_id | first_name |  last_name   | gpa |          major          |             course             |
+-----------+----------+------------+------------+--------------+-----+-------------------------+--------------------------------+
|        30 |       36 |          6 | Rhea       | Kellems      | 2.5 | Database Administration | Web Applications               |
|        27 |       36 |          6 | Rhea       | Kellems      | 2.5 | Database Administration | SQL                            |
|        25 |       36 |          6 | Rhea       | Kellems      | 2.5 | Database Administration | Database Systems               |
|        23 |       36 |          6 | Rhea       | Kellems      | 2.5 | Database Administration | Data Structures and Algorithms |
|           |          |          7 | Emma       | Gilbert      |     |                         |                                |
|        30 |       37 |          8 | Kimberly   | Whitley      | 3.8 | Web Development         | Web Applications               |
|        33 |       37 |          8 | Kimberly   | Whitley      | 3.8 | Web Development         | Object-Oriented Programming    |
|        23 |       37 |          8 | Kimberly   | Whitley      | 3.8 | Web Development         | Data Structures and Algorithms |
|        24 |       37 |          8 | Kimberly   | Whitley      | 3.8 | Web Development         | Web Programming                |
|        30 |       36 |          9 | Jimmy      | Felipe       | 3.7 | Database Administration | Web Applications               |
|        27 |       36 |          9 | Jimmy      | Felipe       | 3.7 | Database Administration | SQL                            |
|        25 |       36 |          9 | Jimmy      | Felipe       | 3.7 | Database Administration | Database Systems               |
|        23 |       36 |          9 | Jimmy      | Felipe       | 3.7 | Database Administration | Data Structures and Algorithms |
|           |          |         10 | Kyle       | Stimson      | 2.8 |                         |                                |
|        36 |       41 |         11 | Casares    | Hijo         | 4.0 | Game Design             | Algorithms                     |
|        35 |       41 |         11 | Casares    | Hijo         | 4.0 | Game Design             | Game Architecture              |
|        34 |       41 |         11 | Casares    | Hijo         | 4.0 | Game Design             | Calculus                       |
|        31 |       41 |         11 | Casares    | Hijo         | 4.0 | Game Design             | Artificial Intelligence        |
|           |          |         12 | Noe        | Savage       | 3.6 |                         |                                |
|        36 |       41 |         13 | Sterling   | Boss         | 3.9 | Game Design             | Algorithms                     |
|        35 |       41 |         13 | Sterling   | Boss         | 3.9 | Game Design             | Game Architecture              |
|        34 |       41 |         13 | Sterling   | Boss         | 3.9 | Game Design             | Calculus                       |
|        31 |       41 |         13 | Sterling   | Boss         | 3.9 | Game Design             | Artificial Intelligence        |
|           |          |         14 | Brian      | Davis        | 2.3 |                         |                                |
|        36 |       41 |         15 | Kaija      | Uronen       | 3.7 | Game Design             | Algorithms                     |
|        35 |       41 |         15 | Kaija      | Uronen       | 3.7 | Game Design             | Game Architecture              |
|        34 |       41 |         15 | Kaija      | Uronen       | 3.7 | Game Design             | Calculus                       |
|        31 |       41 |         15 | Kaija      | Uronen       | 3.7 | Game Design             | Artificial Intelligence        |
|        36 |       41 |         16 | Faye       | Conn         | 2.1 | Game Design             | Algorithms                     |
|        35 |       41 |         16 | Faye       | Conn         | 2.1 | Game Design             | Game Architecture              |
|        34 |       41 |         16 | Faye       | Conn         | 2.1 | Game Design             | Calculus                       |
|        31 |       41 |         16 | Faye       | Conn         | 2.1 | Game Design             | Artificial Intelligence        |
|        30 |       37 |         17 | Efren      | Reilly       | 3.9 | Web Development         | Web Applications               |
|        33 |       37 |         17 | Efren      | Reilly       | 3.9 | Web Development         | Object-Oriented Programming    |
|        23 |       37 |         17 | Efren      | Reilly       | 3.9 | Web Development         | Data Structures and Algorithms |
|        24 |       37 |         17 | Efren      | Reilly       | 3.9 | Web Development         | Web Programming                |
|           |          |         18 | Danh       | Nhung        | 2.4 |                         |                                |
|        30 |       36 |         19 | Maxine     | Hagenes      | 2.9 | Database Administration | Web Applications               |
|        27 |       36 |         19 | Maxine     | Hagenes      | 2.9 | Database Administration | SQL                            |
|        25 |       36 |         19 | Maxine     | Hagenes      | 2.9 | Database Administration | Database Systems               |
|        23 |       36 |         19 | Maxine     | Hagenes      | 2.9 | Database Administration | Data Structures and Algorithms |
|        34 |       38 |         20 | Larry      | Saunders     | 2.2 | Data Science            | Calculus                       |
|        32 |       38 |         20 | Larry      | Saunders     | 2.2 | Data Science            | Python                         |
|        28 |       38 |         20 | Larry      | Saunders     | 2.2 | Data Science            | Machine Learning               |
|        23 |       38 |         20 | Larry      | Saunders     | 2.2 | Data Science            | Data Structures and Algorithms |
|        30 |       37 |         21 | Karl       | Kuhar        |     | Web Development         | Web Applications               |
|        33 |       37 |         21 | Karl       | Kuhar        |     | Web Development         | Object-Oriented Programming    |
|        23 |       37 |         21 | Karl       | Kuhar        |     | Web Development         | Data Structures and Algorithms |
|        24 |       37 |         21 | Karl       | Kuhar        |     | Web Development         | Web Programming                |
|        36 |       41 |         22 | Lieke      | Hazenveld    | 3.5 | Game Design             | Algorithms                     |
|        35 |       41 |         22 | Lieke      | Hazenveld    | 3.5 | Game Design             | Game Architecture              |
|        34 |       41 |         22 | Lieke      | Hazenveld    | 3.5 | Game Design             | Calculus                       |
|        31 |       41 |         22 | Lieke      | Hazenveld    | 3.5 | Game Design             | Artificial Intelligence        |
|        30 |       37 |         23 | Obie       | Hilpert      |     | Web Development         | Web Applications               |
|        33 |       37 |         23 | Obie       | Hilpert      |     | Web Development         | Object-Oriented Programming    |
|        23 |       37 |         23 | Obie       | Hilpert      |     | Web Development         | Data Structures and Algorithms |
|        24 |       37 |         23 | Obie       | Hilpert      |     | Web Development         | Web Programming                |
|           |          |         24 | Peter      | Booysen      | 2.9 |                         |                                |
|        30 |       36 |         25 | Nathan     | Turner       | 3.3 | Database Administration | Web Applications               |
|        27 |       36 |         25 | Nathan     | Turner       | 3.3 | Database Administration | SQL                            |
|        25 |       36 |         25 | Nathan     | Turner       | 3.3 | Database Administration | Database Systems               |
|        23 |       36 |         25 | Nathan     | Turner       | 3.3 | Database Administration | Data Structures and Algorithms |
|        34 |       38 |         26 | Gerald     | Osiki        | 2.2 | Data Science            | Calculus                       |
|        32 |       38 |         26 | Gerald     | Osiki        | 2.2 | Data Science            | Python                         |
|        28 |       38 |         26 | Gerald     | Osiki        | 2.2 | Data Science            | Machine Learning               |
|        23 |       38 |         26 | Gerald     | Osiki        | 2.2 | Data Science            | Data Structures and Algorithms |
|        36 |       41 |         27 | Vanya      | Hassanah     | 4.0 | Game Design             | Algorithms                     |
|        35 |       41 |         27 | Vanya      | Hassanah     | 4.0 | Game Design             | Game Architecture              |
|        34 |       41 |         27 | Vanya      | Hassanah     | 4.0 | Game Design             | Calculus                       |
|        31 |       41 |         27 | Vanya      | Hassanah     | 4.0 | Game Design             | Artificial Intelligence        |
|        30 |       36 |         28 | Roxelana   | Florescu     | 3.2 | Database Administration | Web Applications               |
|        27 |       36 |         28 | Roxelana   | Florescu     | 3.2 | Database Administration | SQL                            |
|        25 |       36 |         28 | Roxelana   | Florescu     | 3.2 | Database Administration | Database Systems               |
|        23 |       36 |         28 | Roxelana   | Florescu     | 3.2 | Database Administration | Data Structures and Algorithms |
|        34 |       38 |         29 | Helene     | Parker       | 3.4 | Data Science            | Calculus                       |
|        32 |       38 |         29 | Helene     | Parker       | 3.4 | Data Science            | Python                         |
|        28 |       38 |         29 | Helene     | Parker       | 3.4 | Data Science            | Machine Learning               |
|        23 |       38 |         29 | Helene     | Parker       | 3.4 | Data Science            | Data Structures and Algorithms |
|        30 |       37 |         30 | Mariana    | Russel       | 1.8 | Web Development         | Web Applications               |
|        33 |       37 |         30 | Mariana    | Russel       | 1.8 | Web Development         | Object-Oriented Programming    |
|        23 |       37 |         30 | Mariana    | Russel       | 1.8 | Web Development         | Data Structures and Algorithms |
|        24 |       37 |         30 | Mariana    | Russel       | 1.8 | Web Development         | Web Programming                |
|           |          |         31 | Ajit       | Dhungel      | 3.0 |                         |                                |
|        30 |       36 |         32 | Mehdi      | Vandenberghe | 1.9 | Database Administration | Web Applications               |
|        27 |       36 |         32 | Mehdi      | Vandenberghe | 1.9 | Database Administration | SQL                            |
|        25 |       36 |         32 | Mehdi      | Vandenberghe | 1.9 | Database Administration | Database Systems               |
|        23 |       36 |         32 | Mehdi      | Vandenberghe | 1.9 | Database Administration | Data Structures and Algorithms |
|        30 |       37 |         33 | Dejon      | Howell       | 4.0 | Web Development         | Web Applications               |
|        33 |       37 |         33 | Dejon      | Howell       | 4.0 | Web Development         | Object-Oriented Programming    |
|        23 |       37 |         33 | Dejon      | Howell       | 4.0 | Web Development         | Data Structures and Algorithms |
|        24 |       37 |         33 | Dejon      | Howell       | 4.0 | Web Development         | Web Programming                |
|        38 |       42 |         34 | Aliya      | Gulgowski    | 2.6 | System Administration   | Server Administration          |
|        37 |       42 |         34 | Aliya      | Gulgowski    | 2.6 | System Administration   | UNIX                           |
|        26 |       42 |         34 | Aliya      | Gulgowski    | 2.6 | System Administration   | Computer Networks              |
|        29 |       42 |         34 | Aliya      | Gulgowski    | 2.6 | System Administration   | Computer Systems               |
|        34 |       38 |         35 | Ana        | Tupajic      | 3.1 | Data Science            | Calculus                       |
|        32 |       38 |         35 | Ana        | Tupajic      | 3.1 | Data Science            | Python                         |
|        28 |       38 |         35 | Ana        | Tupajic      | 3.1 | Data Science            | Machine Learning               |
|        23 |       38 |         35 | Ana        | Tupajic      | 3.1 | Data Science            | Data Structures and Algorithms |
|           |          |         36 | Hugo       | Duran        | 3.8 |                         |                                |
|        36 |       39 |            |            |              |     | Network Engineering     | Algorithms                     |
|        39 |       39 |            |            |              |     | Network Engineering     | Network Security               |
|        29 |       39 |            |            |              |     | Network Engineering     | Computer Systems               |
|        26 |       39 |            |            |              |     | Network Engineering     | Computer Networks              |
|        32 |       40 |            |            |              |     | Computer Programming    | Python                         |
|        29 |       40 |            |            |              |     | Computer Programming    | Computer Systems               |
|        33 |       40 |            |            |              |     | Computer Programming    | Object-Oriented Programming    |
|        26 |       40 |            |            |              |     | Computer Programming    | Computer Networks              |
+-----------+----------+------------+------------+--------------+-----+-------------------------+--------------------------------+
(108 rows)

             Table "public.majors_courses"
+-----------+---------+-----------+----------+---------+
|  Column   |  Type   | Collation | Nullable | Default |
+-----------+---------+-----------+----------+---------+
| major_id  | integer |           | not null |         |
| course_id | integer |           | not null |         |
+-----------+---------+-----------+----------+---------+
Indexes:
    "majors_courses_pkey" PRIMARY KEY, btree (major_id, course_id)
Foreign-key constraints:
    "majors_courses_course_id_fkey" FOREIGN KEY (course_id) REFERENCES courses(course_id)
    "majors_courses_major_id_fkey" FOREIGN KEY (major_id) REFERENCES majors(major_id)

                                          Table "public.students"
+------------+-----------------------+-----------+----------+----------------------------------------------+
|   Column   |         Type          | Collation | Nullable |                   Default                    |
+------------+-----------------------+-----------+----------+----------------------------------------------+
| student_id | integer               |           | not null | nextval('students_student_id_seq'::regclass) |
| first_name | character varying(50) |           | not null |                                              |
| last_name  | character varying(50) |           | not null |                                              |
| major_id   | integer               |           |          |                                              |
| gpa        | numeric(2,1)          |           |          |                                              |
+------------+-----------------------+-----------+----------+----------------------------------------------+
Indexes:
    "students_pkey" PRIMARY KEY, btree (student_id)
Foreign-key constraints:
    "students_major_id_fkey" FOREIGN KEY (major_id) REFERENCES majors(major_id)

